<?xml version="1.0" encoding="UTF-8"?>
<!-- Generated by org.testng.reporters.JUnitXMLReporter -->
<testsuite ignored="0" hostname="DESKTOP-CIEOMG7" failures="0" tests="3" name="Default test" time="36.68" errors="0" timestamp="2024-07-10T12:01:21 IST">
  <testcase classname="ecommerceproject.FrameworkPackage.Tests.SubmitOrderTest" name="submitOrder" time="14.24"/>
  <testcase classname="ecommerceproject.FrameworkPackage.Tests.SubmitOrderTest" name="submitOrder" time="14.401"/>
  <testcase classname="ecommerceproject.FrameworkPackage.Tests.SubmitOrderTest" name="OrderHistoryTest" time="0.001"/>
</testsuite> <!-- Default test -->
