<?xml version="1.0" encoding="UTF-8"?>
<!-- Generated by org.testng.reporters.JUnitXMLReporter -->
<testsuite ignored="0" hostname="DESKTOP-CIEOMG7" failures="0" tests="3" name="Submit Order Test" time="19.569" errors="0" timestamp="2024-07-11T11:38:06 IST">
  <testcase classname="ecommerceproject.FrameworkPackage.Tests.SubmitOrderTest" name="submitOrder" time="4.489"/>
  <testcase classname="ecommerceproject.FrameworkPackage.Tests.SubmitOrderTest" name="submitOrder" time="4.623"/>
  <testcase classname="ecommerceproject.FrameworkPackage.Tests.SubmitOrderTest" name="OrderHistoryTest" time="0.0"/>
</testsuite> <!-- Submit Order Test -->
